************************************
* START TRAINING 
************************************
n_tasks 10
prompt_param: [100.0, 8.0, 0.0]
n_tasks 10
prompt_param: [100.0, 8.0, 0.0]
*****************************************
*****************************************
====================== 1 =======================
Incremental class: Old valid output dimension: 0
Incremental class: New Valid output dimension: 20
Optimizer is reset!
*****************************************
*****************************************
LR: 0.001
Epoch:1/35
 * Loss 1.656 | Train Acc 56.155
LR: 0.001
Epoch:2/35
 * Loss 0.672 | Train Acc 82.576
LR: 0.0009989542049019889
Epoch:3/35
 * Loss 0.524 | Train Acc 85.464
LR: 0.0009958190069827293
Epoch:4/35
 * Loss 0.401 | Train Acc 88.542
LR: 0.0009906009637914517
